<?xml version="1.0" encoding="UTF-8"?>
<testng-results ignored="0" total="1" passed="1" failed="0" skipped="0">
  <reporter-output>
  </reporter-output>
  <suite started-at="2021-06-01T16:12:37 IST" name="Default suite" finished-at="2021-06-01T16:12:47 IST" duration-ms="10098">
    <groups>
    </groups>
    <test started-at="2021-06-01T16:12:37 IST" name="Default test" finished-at="2021-06-01T16:12:47 IST" duration-ms="10098">
      <class name="assignment.Amazon_Iphone_Search">
        <test-method is-config="true" signature="beforeMethod()[pri:0, instance:assignment.Amazon_Iphone_Search@769e7ee8]" started-at="2021-06-01T16:12:37 IST" name="beforeMethod" finished-at="2021-06-01T16:12:44 IST" duration-ms="6975" status="PASS">
          <reporter-output>
          </reporter-output>
        </test-method> <!-- beforeMethod -->
        <test-method signature="f()[pri:0, instance:assignment.Amazon_Iphone_Search@769e7ee8]" started-at="2021-06-01T16:12:44 IST" name="f" finished-at="2021-06-01T16:12:47 IST" duration-ms="3058" status="PASS">
          <reporter-output>
          </reporter-output>
        </test-method> <!-- f -->
        <test-method is-config="true" signature="afterMethod()[pri:0, instance:assignment.Amazon_Iphone_Search@769e7ee8]" started-at="2021-06-01T16:12:47 IST" name="afterMethod" finished-at="2021-06-01T16:12:47 IST" duration-ms="0" status="PASS">
          <reporter-output>
          </reporter-output>
        </test-method> <!-- afterMethod -->
      </class> <!-- assignment.Amazon_Iphone_Search -->
    </test> <!-- Default test -->
  </suite> <!-- Default suite -->
</testng-results>
